android/app/build/intermediates/manifest_merge_blame_file/release/manifest-merger-blame-release-report.txt
1<?xml version="1.0" encoding="utf-8"?>
2<manifest xmlns:android="http://schemas.android.com/apk/res/android"
3    package="com.demo"
4    android:versionCode="1"
5    android:versionName="1.0" >
6
7    <uses-sdk
8        android:minSdkVersion="21"
8-->src/main/AndroidManifest.xml
9        android:targetSdkVersion="33" />
9-->src/main/AndroidManifest.xml
10
11    <uses-permission android:name="android.permission.INTERNET" />
11-->src/main/AndroidManifest.xml:3:5-67
11-->src/main/AndroidManifest.xml:3:22-64
12    <uses-permission android:name="android.permission.WAKE_LOCK" />
12-->[:react-native-firebase_auth] AndroidManifest.xml:10:5-68
12-->[:react-native-firebase_auth] AndroidManifest.xml:10:22-65
13    <uses-permission android:name="android.permission.ACCESS_NETWORK_STATE" />
13-->[:react-native-firebase_auth] AndroidManifest.xml:11:5-79
13-->[:react-native-firebase_auth] AndroidManifest.xml:11:22-76
14    <uses-permission android:name="android.permission.POST_NOTIFICATIONS" /> <!-- Required by older versions of Google Play services to create IID tokens -->
14-->[com.google.firebase:firebase-messaging:23.1.1] AndroidManifest.xml:25:5-77
14-->[com.google.firebase:firebase-messaging:23.1.1] AndroidManifest.xml:25:22-74
15    <uses-permission android:name="com.google.android.c2dm.permission.RECEIVE" /> <!-- for android -->
15-->[com.google.firebase:firebase-messaging:23.1.1] AndroidManifest.xml:28:5-82
15-->[com.google.firebase:firebase-messaging:23.1.1] AndroidManifest.xml:28:22-79
16    <!-- <uses-permission android:name="com.android.launcher.permission.READ_SETTINGS"/> -->
17    <!-- <uses-permission android:name="com.android.launcher.permission.WRITE_SETTINGS"/> -->
18    <!-- <uses-permission android:name="com.android.launcher.permission.INSTALL_SHORTCUT" /> -->
19    <!-- <uses-permission android:name="com.android.launcher.permission.UNINSTALL_SHORTCUT" /> -->
20    <!-- for Samsung -->
21    <uses-permission android:name="com.sec.android.provider.badge.permission.READ" />
21-->[me.leolin:ShortcutBadger:1.1.22] AndroidManifest.xml:19:5-86
21-->[me.leolin:ShortcutBadger:1.1.22] AndroidManifest.xml:19:22-83
22    <uses-permission android:name="com.sec.android.provider.badge.permission.WRITE" /> <!-- for htc -->
22-->[me.leolin:ShortcutBadger:1.1.22] AndroidManifest.xml:20:5-87
22-->[me.leolin:ShortcutBadger:1.1.22] AndroidManifest.xml:20:22-84
23    <uses-permission android:name="com.htc.launcher.permission.READ_SETTINGS" />
23-->[me.leolin:ShortcutBadger:1.1.22] AndroidManifest.xml:23:5-81
23-->[me.leolin:ShortcutBadger:1.1.22] AndroidManifest.xml:23:22-78
24    <uses-permission android:name="com.htc.launcher.permission.UPDATE_SHORTCUT" /> <!-- for sony -->
24-->[me.leolin:ShortcutBadger:1.1.22] AndroidManifest.xml:24:5-83
24-->[me.leolin:ShortcutBadger:1.1.22] AndroidManifest.xml:24:22-80
25    <uses-permission android:name="com.sonyericsson.home.permission.BROADCAST_BADGE" />
25-->[me.leolin:ShortcutBadger:1.1.22] AndroidManifest.xml:27:5-88
25-->[me.leolin:ShortcutBadger:1.1.22] AndroidManifest.xml:27:22-85
26    <uses-permission android:name="com.sonymobile.home.permission.PROVIDER_INSERT_BADGE" /> <!-- for apex -->
26-->[me.leolin:ShortcutBadger:1.1.22] AndroidManifest.xml:28:5-92
26-->[me.leolin:ShortcutBadger:1.1.22] AndroidManifest.xml:28:22-89
27    <uses-permission android:name="com.anddoes.launcher.permission.UPDATE_COUNT" /> <!-- for solid -->
27-->[me.leolin:ShortcutBadger:1.1.22] AndroidManifest.xml:31:5-84
27-->[me.leolin:ShortcutBadger:1.1.22] AndroidManifest.xml:31:22-81
28    <uses-permission android:name="com.majeur.launcher.permission.UPDATE_BADGE" /> <!-- for huawei -->
28-->[me.leolin:ShortcutBadger:1.1.22] AndroidManifest.xml:34:5-83
28-->[me.leolin:ShortcutBadger:1.1.22] AndroidManifest.xml:34:22-80
29    <uses-permission android:name="com.huawei.android.launcher.permission.CHANGE_BADGE" />
29-->[me.leolin:ShortcutBadger:1.1.22] AndroidManifest.xml:37:5-91
29-->[me.leolin:ShortcutBadger:1.1.22] AndroidManifest.xml:37:22-88
30    <uses-permission android:name="com.huawei.android.launcher.permission.READ_SETTINGS" />
30-->[me.leolin:ShortcutBadger:1.1.22] AndroidManifest.xml:38:5-92
30-->[me.leolin:ShortcutBadger:1.1.22] AndroidManifest.xml:38:22-89
31    <uses-permission android:name="com.huawei.android.launcher.permission.WRITE_SETTINGS" /> <!-- for ZUK -->
31-->[me.leolin:ShortcutBadger:1.1.22] AndroidManifest.xml:39:5-93
31-->[me.leolin:ShortcutBadger:1.1.22] AndroidManifest.xml:39:22-90
32    <uses-permission android:name="android.permission.READ_APP_BADGE" /> <!-- for OPPO -->
32-->[me.leolin:ShortcutBadger:1.1.22] AndroidManifest.xml:42:5-73
32-->[me.leolin:ShortcutBadger:1.1.22] AndroidManifest.xml:42:22-70
33    <uses-permission android:name="com.oppo.launcher.permission.READ_SETTINGS" />
33-->[me.leolin:ShortcutBadger:1.1.22] AndroidManifest.xml:45:5-82
33-->[me.leolin:ShortcutBadger:1.1.22] AndroidManifest.xml:45:22-79
34    <uses-permission android:name="com.oppo.launcher.permission.WRITE_SETTINGS" /> <!-- for EvMe -->
34-->[me.leolin:ShortcutBadger:1.1.22] AndroidManifest.xml:46:5-83
34-->[me.leolin:ShortcutBadger:1.1.22] AndroidManifest.xml:46:22-80
35    <uses-permission android:name="me.everything.badger.permission.BADGE_COUNT_READ" />
35-->[me.leolin:ShortcutBadger:1.1.22] AndroidManifest.xml:49:5-88
35-->[me.leolin:ShortcutBadger:1.1.22] AndroidManifest.xml:49:22-85
36    <uses-permission android:name="me.everything.badger.permission.BADGE_COUNT_WRITE" />
36-->[me.leolin:ShortcutBadger:1.1.22] AndroidManifest.xml:50:5-89
36-->[me.leolin:ShortcutBadger:1.1.22] AndroidManifest.xml:50:22-86
37
38    <application
38-->src/main/AndroidManifest.xml:5:5-24:19
39        android:name="com.demo.MainApplication"
39-->src/main/AndroidManifest.xml:6:7-38
40        android:allowBackup="false"
40-->src/main/AndroidManifest.xml:10:7-34
41        android:appComponentFactory="androidx.core.app.CoreComponentFactory"
41-->[androidx.core:core:1.7.0] AndroidManifest.xml:24:18-86
42        android:icon="@mipmap/ic_launcher"
42-->src/main/AndroidManifest.xml:8:7-41
43        android:label="@string/app_name"
43-->src/main/AndroidManifest.xml:7:7-39
44        android:roundIcon="@mipmap/ic_launcher_round"
44-->src/main/AndroidManifest.xml:9:7-52
45        android:theme="@style/AppTheme" >
45-->src/main/AndroidManifest.xml:11:7-38
46        <activity
46-->src/main/AndroidManifest.xml:12:7-23:18
47            android:name="com.demo.MainActivity"
47-->src/main/AndroidManifest.xml:13:9-37
48            android:configChanges="keyboard|keyboardHidden|orientation|screenLayout|screenSize|smallestScreenSize|uiMode"
48-->src/main/AndroidManifest.xml:15:9-118
49            android:exported="true"
49-->src/main/AndroidManifest.xml:18:9-32
50            android:label="@string/app_name"
50-->src/main/AndroidManifest.xml:14:9-41
51            android:launchMode="singleTask"
51-->src/main/AndroidManifest.xml:16:9-40
52            android:windowSoftInputMode="adjustResize" >
52-->src/main/AndroidManifest.xml:17:9-51
53            <intent-filter>
53-->src/main/AndroidManifest.xml:19:9-22:25
54                <action android:name="android.intent.action.MAIN" />
54-->src/main/AndroidManifest.xml:20:13-65
54-->src/main/AndroidManifest.xml:20:21-62
55
56                <category android:name="android.intent.category.LAUNCHER" />
56-->src/main/AndroidManifest.xml:21:13-73
56-->src/main/AndroidManifest.xml:21:23-70
57            </intent-filter>
58        </activity>
59
60        <service
60-->[:react-native-firebase_messaging] AndroidManifest.xml:14:9-16:40
61            android:name="io.invertase.firebase.messaging.ReactNativeFirebaseMessagingHeadlessService"
61-->[:react-native-firebase_messaging] AndroidManifest.xml:15:13-103
62            android:exported="false" />
62-->[:react-native-firebase_messaging] AndroidManifest.xml:16:13-37
63        <service
63-->[:react-native-firebase_messaging] AndroidManifest.xml:17:9-23:19
64            android:name="io.invertase.firebase.messaging.ReactNativeFirebaseMessagingService"
64-->[:react-native-firebase_messaging] AndroidManifest.xml:18:13-95
65            android:exported="false" >
65-->[:react-native-firebase_messaging] AndroidManifest.xml:19:13-37
66            <intent-filter>
66-->[:react-native-firebase_messaging] AndroidManifest.xml:20:13-22:29
67                <action android:name="com.google.firebase.MESSAGING_EVENT" />
67-->[:react-native-firebase_messaging] AndroidManifest.xml:21:17-78
67-->[:react-native-firebase_messaging] AndroidManifest.xml:21:25-75
68            </intent-filter>
69        </service>
70
71        <receiver
71-->[:react-native-firebase_messaging] AndroidManifest.xml:25:9-32:20
72            android:name="io.invertase.firebase.messaging.ReactNativeFirebaseMessagingReceiver"
72-->[:react-native-firebase_messaging] AndroidManifest.xml:26:13-96
73            android:exported="true"
73-->[:react-native-firebase_messaging] AndroidManifest.xml:27:13-36
74            android:permission="com.google.android.c2dm.permission.SEND" >
74-->[:react-native-firebase_messaging] AndroidManifest.xml:28:13-73
75            <intent-filter>
75-->[:react-native-firebase_messaging] AndroidManifest.xml:29:13-31:29
76                <action android:name="com.google.android.c2dm.intent.RECEIVE" />
76-->[:react-native-firebase_messaging] AndroidManifest.xml:30:17-81
76-->[:react-native-firebase_messaging] AndroidManifest.xml:30:25-78
77            </intent-filter>
78        </receiver>
79
80        <meta-data
80-->[:react-native-firebase_messaging] AndroidManifest.xml:34:9-36:36
81            android:name="firebase_messaging_auto_init_enabled"
81-->[:react-native-firebase_messaging] AndroidManifest.xml:35:13-64
82            android:value="true" />
82-->[:react-native-firebase_messaging] AndroidManifest.xml:36:13-33
83        <meta-data
83-->[:react-native-firebase_messaging] AndroidManifest.xml:37:9-39:32
84            android:name="com.google.firebase.messaging.default_notification_channel_id"
84-->[:react-native-firebase_messaging] AndroidManifest.xml:38:13-89
85            android:value="" />
85-->[:react-native-firebase_messaging] AndroidManifest.xml:39:13-29
86        <meta-data
86-->[:react-native-firebase_messaging] AndroidManifest.xml:40:9-42:47
87            android:name="com.google.firebase.messaging.default_notification_color"
87-->[:react-native-firebase_messaging] AndroidManifest.xml:41:13-84
88            android:resource="@color/white" />
88-->[:react-native-firebase_messaging] AndroidManifest.xml:42:13-44
89        <meta-data
89-->[:react-native-firebase_app] AndroidManifest.xml:11:9-13:36
90            android:name="app_data_collection_default_enabled"
90-->[:react-native-firebase_app] AndroidManifest.xml:12:13-63
91            android:value="true" />
91-->[:react-native-firebase_app] AndroidManifest.xml:13:13-33
92
93        <service
93-->[:react-native-firebase_app] AndroidManifest.xml:15:9-23:19
94            android:name="com.google.firebase.components.ComponentDiscoveryService"
94-->[:react-native-firebase_app] AndroidManifest.xml:16:13-84
95            android:directBootAware="true"
95-->[:react-native-firebase_app] AndroidManifest.xml:17:13-43
96            android:exported="false" >
96-->[:react-native-firebase_app] AndroidManifest.xml:18:13-37
97            <meta-data
97-->[:react-native-firebase_app] AndroidManifest.xml:20:13-22:85
98                android:name="com.google.firebase.components:io.invertase.firebase.app.ReactNativeFirebaseAppRegistrar"
98-->[:react-native-firebase_app] AndroidManifest.xml:21:17-120
99                android:value="com.google.firebase.components.ComponentRegistrar" />
99-->[:react-native-firebase_app] AndroidManifest.xml:22:17-82
100            <meta-data
100-->[com.google.firebase:firebase-firestore:24.4.2] AndroidManifest.xml:19:13-21:85
101                android:name="com.google.firebase.components:com.google.firebase.firestore.FirestoreRegistrar"
101-->[com.google.firebase:firebase-firestore:24.4.2] AndroidManifest.xml:20:17-111
102                android:value="com.google.firebase.components.ComponentRegistrar" />
102-->[com.google.firebase:firebase-firestore:24.4.2] AndroidManifest.xml:21:17-82
103            <meta-data
103-->[com.google.firebase:firebase-auth:21.1.0] AndroidManifest.xml:67:13-69:85
104                android:name="com.google.firebase.components:com.google.firebase.auth.FirebaseAuthRegistrar"
104-->[com.google.firebase:firebase-auth:21.1.0] AndroidManifest.xml:68:17-109
105                android:value="com.google.firebase.components.ComponentRegistrar" />
105-->[com.google.firebase:firebase-auth:21.1.0] AndroidManifest.xml:69:17-82
106            <meta-data
106-->[com.google.firebase:firebase-messaging:23.1.1] AndroidManifest.xml:55:13-57:85
107                android:name="com.google.firebase.components:com.google.firebase.messaging.FirebaseMessagingRegistrar"
107-->[com.google.firebase:firebase-messaging:23.1.1] AndroidManifest.xml:56:17-119
108                android:value="com.google.firebase.components.ComponentRegistrar" />
108-->[com.google.firebase:firebase-messaging:23.1.1] AndroidManifest.xml:57:17-82
109            <meta-data
109-->[com.google.firebase:firebase-datatransport:18.1.7] AndroidManifest.xml:27:13-29:85
110                android:name="com.google.firebase.components:com.google.firebase.datatransport.TransportRegistrar"
110-->[com.google.firebase:firebase-datatransport:18.1.7] AndroidManifest.xml:28:17-115
111                android:value="com.google.firebase.components.ComponentRegistrar" />
111-->[com.google.firebase:firebase-datatransport:18.1.7] AndroidManifest.xml:29:17-82
112            <meta-data
112-->[com.google.firebase:firebase-database:20.1.0] AndroidManifest.xml:31:13-33:85
113                android:name="com.google.firebase.components:com.google.firebase.database.DatabaseRegistrar"
113-->[com.google.firebase:firebase-database:20.1.0] AndroidManifest.xml:32:17-109
114                android:value="com.google.firebase.components.ComponentRegistrar" />
114-->[com.google.firebase:firebase-database:20.1.0] AndroidManifest.xml:33:17-82
115            <meta-data
115-->[com.google.firebase:firebase-installations:17.1.0] AndroidManifest.xml:17:13-19:85
116                android:name="com.google.firebase.components:com.google.firebase.installations.FirebaseInstallationsRegistrar"
116-->[com.google.firebase:firebase-installations:17.1.0] AndroidManifest.xml:18:17-127
117                android:value="com.google.firebase.components.ComponentRegistrar" />
117-->[com.google.firebase:firebase-installations:17.1.0] AndroidManifest.xml:19:17-82
118        </service>
119
120        <provider
120-->[:react-native-firebase_app] AndroidManifest.xml:25:9-29:38
121            android:name="io.invertase.firebase.app.ReactNativeFirebaseAppInitProvider"
121-->[:react-native-firebase_app] AndroidManifest.xml:26:13-88
122            android:authorities="com.demo.reactnativefirebaseappinitprovider"
122-->[:react-native-firebase_app] AndroidManifest.xml:27:13-86
123            android:exported="false"
123-->[:react-native-firebase_app] AndroidManifest.xml:28:13-37
124            android:initOrder="99" />
124-->[:react-native-firebase_app] AndroidManifest.xml:29:13-35
125        <provider
125-->[:react-native-image-picker] AndroidManifest.xml:10:9-18:20
126            android:name="com.imagepicker.ImagePickerProvider"
126-->[:react-native-image-picker] AndroidManifest.xml:11:13-63
127            android:authorities="com.demo.imagepickerprovider"
127-->[:react-native-image-picker] AndroidManifest.xml:12:13-71
128            android:exported="false"
128-->[:react-native-image-picker] AndroidManifest.xml:13:13-37
129            android:grantUriPermissions="true" >
129-->[:react-native-image-picker] AndroidManifest.xml:14:13-47
130            <meta-data
130-->[:react-native-image-picker] AndroidManifest.xml:15:13-17:70
131                android:name="android.support.FILE_PROVIDER_PATHS"
131-->[:react-native-image-picker] AndroidManifest.xml:16:17-67
132                android:resource="@xml/imagepicker_provider_paths" />
132-->[:react-native-image-picker] AndroidManifest.xml:17:17-67
133        </provider>
134
135        <activity
135-->[com.google.firebase:firebase-auth:21.1.0] AndroidManifest.xml:27:9-44:20
136            android:name="com.google.firebase.auth.internal.GenericIdpActivity"
136-->[com.google.firebase:firebase-auth:21.1.0] AndroidManifest.xml:28:13-80
137            android:excludeFromRecents="true"
137-->[com.google.firebase:firebase-auth:21.1.0] AndroidManifest.xml:29:13-46
138            android:exported="true"
138-->[com.google.firebase:firebase-auth:21.1.0] AndroidManifest.xml:30:13-36
139            android:launchMode="singleTask"
139-->[com.google.firebase:firebase-auth:21.1.0] AndroidManifest.xml:31:13-44
140            android:theme="@android:style/Theme.Translucent.NoTitleBar" >
140-->[com.google.firebase:firebase-auth:21.1.0] AndroidManifest.xml:32:13-72
141            <intent-filter>
141-->[com.google.firebase:firebase-auth:21.1.0] AndroidManifest.xml:33:13-43:29
142                <action android:name="android.intent.action.VIEW" />
142-->[com.google.firebase:firebase-auth:21.1.0] AndroidManifest.xml:34:17-69
142-->[com.google.firebase:firebase-auth:21.1.0] AndroidManifest.xml:34:25-66
143
144                <category android:name="android.intent.category.DEFAULT" />
144-->[com.google.firebase:firebase-auth:21.1.0] AndroidManifest.xml:36:17-76
144-->[com.google.firebase:firebase-auth:21.1.0] AndroidManifest.xml:36:27-73
145                <category android:name="android.intent.category.BROWSABLE" />
145-->[com.google.firebase:firebase-auth:21.1.0] AndroidManifest.xml:37:17-78
145-->[com.google.firebase:firebase-auth:21.1.0] AndroidManifest.xml:37:27-75
146
147                <data
147-->[com.google.firebase:firebase-auth:21.1.0] AndroidManifest.xml:39:17-42:51
148                    android:host="firebase.auth"
148-->[com.google.firebase:firebase-auth:21.1.0] AndroidManifest.xml:40:21-49
149                    android:path="/"
149-->[com.google.firebase:firebase-auth:21.1.0] AndroidManifest.xml:41:21-37
150                    android:scheme="genericidp" />
150-->[com.google.firebase:firebase-auth:21.1.0] AndroidManifest.xml:42:21-48
151            </intent-filter>
152        </activity>
153        <activity
153-->[com.google.firebase:firebase-auth:21.1.0] AndroidManifest.xml:45:9-62:20
154            android:name="com.google.firebase.auth.internal.RecaptchaActivity"
154-->[com.google.firebase:firebase-auth:21.1.0] AndroidManifest.xml:46:13-79
155            android:excludeFromRecents="true"
155-->[com.google.firebase:firebase-auth:21.1.0] AndroidManifest.xml:47:13-46
156            android:exported="true"
156-->[com.google.firebase:firebase-auth:21.1.0] AndroidManifest.xml:48:13-36
157            android:launchMode="singleTask"
157-->[com.google.firebase:firebase-auth:21.1.0] AndroidManifest.xml:49:13-44
158            android:theme="@android:style/Theme.Translucent.NoTitleBar" >
158-->[com.google.firebase:firebase-auth:21.1.0] AndroidManifest.xml:50:13-72
159            <intent-filter>
159-->[com.google.firebase:firebase-auth:21.1.0] AndroidManifest.xml:51:13-61:29
160                <action android:name="android.intent.action.VIEW" />
160-->[com.google.firebase:firebase-auth:21.1.0] AndroidManifest.xml:34:17-69
160-->[com.google.firebase:firebase-auth:21.1.0] AndroidManifest.xml:34:25-66
161
162                <category android:name="android.intent.category.DEFAULT" />
162-->[com.google.firebase:firebase-auth:21.1.0] AndroidManifest.xml:36:17-76
162-->[com.google.firebase:firebase-auth:21.1.0] AndroidManifest.xml:36:27-73
163                <category android:name="android.intent.category.BROWSABLE" />
163-->[com.google.firebase:firebase-auth:21.1.0] AndroidManifest.xml:37:17-78
163-->[com.google.firebase:firebase-auth:21.1.0] AndroidManifest.xml:37:27-75
164
165                <data
165-->[com.google.firebase:firebase-auth:21.1.0] AndroidManifest.xml:39:17-42:51
166                    android:host="firebase.auth"
166-->[com.google.firebase:firebase-auth:21.1.0] AndroidManifest.xml:40:21-49
167                    android:path="/"
167-->[com.google.firebase:firebase-auth:21.1.0] AndroidManifest.xml:41:21-37
168                    android:scheme="recaptcha" />
168-->[com.google.firebase:firebase-auth:21.1.0] AndroidManifest.xml:42:21-48
169            </intent-filter>
170        </activity>
171
172        <receiver
172-->[com.google.firebase:firebase-messaging:23.1.1] AndroidManifest.xml:31:9-38:20
173            android:name="com.google.firebase.iid.FirebaseInstanceIdReceiver"
173-->[com.google.firebase:firebase-messaging:23.1.1] AndroidManifest.xml:32:13-78
174            android:exported="true"
174-->[com.google.firebase:firebase-messaging:23.1.1] AndroidManifest.xml:33:13-36
175            android:permission="com.google.android.c2dm.permission.SEND" >
175-->[com.google.firebase:firebase-messaging:23.1.1] AndroidManifest.xml:34:13-73
176            <intent-filter>
176-->[:react-native-firebase_messaging] AndroidManifest.xml:29:13-31:29
177                <action android:name="com.google.android.c2dm.intent.RECEIVE" />
177-->[:react-native-firebase_messaging] AndroidManifest.xml:30:17-81
177-->[:react-native-firebase_messaging] AndroidManifest.xml:30:25-78
178            </intent-filter>
179        </receiver>
180        <!--
181             FirebaseMessagingService performs security checks at runtime,
182             but set to not exported to explicitly avoid allowing another app to call it.
183        -->
184        <service
184-->[com.google.firebase:firebase-messaging:23.1.1] AndroidManifest.xml:44:9-51:19
185            android:name="com.google.firebase.messaging.FirebaseMessagingService"
185-->[com.google.firebase:firebase-messaging:23.1.1] AndroidManifest.xml:45:13-82
186            android:directBootAware="true"
186-->[com.google.firebase:firebase-messaging:23.1.1] AndroidManifest.xml:46:13-43
187            android:exported="false" >
187-->[com.google.firebase:firebase-messaging:23.1.1] AndroidManifest.xml:47:13-37
188            <intent-filter android:priority="-500" >
188-->[:react-native-firebase_messaging] AndroidManifest.xml:20:13-22:29
189                <action android:name="com.google.firebase.MESSAGING_EVENT" />
189-->[:react-native-firebase_messaging] AndroidManifest.xml:21:17-78
189-->[:react-native-firebase_messaging] AndroidManifest.xml:21:25-75
190            </intent-filter>
191        </service>
192        <service
192-->[com.google.android.datatransport:transport-backend-cct:3.1.8] AndroidManifest.xml:28:9-34:19
193            android:name="com.google.android.datatransport.runtime.backends.TransportBackendDiscovery"
193-->[com.google.android.datatransport:transport-backend-cct:3.1.8] AndroidManifest.xml:29:13-103
194            android:exported="false" >
194-->[com.google.android.datatransport:transport-backend-cct:3.1.8] AndroidManifest.xml:30:13-37
195            <meta-data
195-->[com.google.android.datatransport:transport-backend-cct:3.1.8] AndroidManifest.xml:31:13-33:39
196                android:name="backend:com.google.android.datatransport.cct.CctBackendFactory"
196-->[com.google.android.datatransport:transport-backend-cct:3.1.8] AndroidManifest.xml:32:17-94
197                android:value="cct" />
197-->[com.google.android.datatransport:transport-backend-cct:3.1.8] AndroidManifest.xml:33:17-36
198        </service>
199        <service
199-->[com.google.android.datatransport:transport-runtime:3.1.8] AndroidManifest.xml:26:9-30:19
200            android:name="com.google.android.datatransport.runtime.scheduling.jobscheduling.JobInfoSchedulerService"
200-->[com.google.android.datatransport:transport-runtime:3.1.8] AndroidManifest.xml:27:13-117
201            android:exported="false"
201-->[com.google.android.datatransport:transport-runtime:3.1.8] AndroidManifest.xml:28:13-37
202            android:permission="android.permission.BIND_JOB_SERVICE" >
202-->[com.google.android.datatransport:transport-runtime:3.1.8] AndroidManifest.xml:29:13-69
203        </service>
204
205        <receiver
205-->[com.google.android.datatransport:transport-runtime:3.1.8] AndroidManifest.xml:32:9-34:40
206            android:name="com.google.android.datatransport.runtime.scheduling.jobscheduling.AlarmManagerSchedulerBroadcastReceiver"
206-->[com.google.android.datatransport:transport-runtime:3.1.8] AndroidManifest.xml:33:13-132
207            android:exported="false" />
207-->[com.google.android.datatransport:transport-runtime:3.1.8] AndroidManifest.xml:34:13-37
208
209        <provider
209-->[com.google.firebase:firebase-common:20.3.0] AndroidManifest.xml:25:9-30:39
210            android:name="com.google.firebase.provider.FirebaseInitProvider"
210-->[com.google.firebase:firebase-common:20.3.0] AndroidManifest.xml:26:13-77
211            android:authorities="com.demo.firebaseinitprovider"
211-->[com.google.firebase:firebase-common:20.3.0] AndroidManifest.xml:27:13-72
212            android:directBootAware="true"
212-->[com.google.firebase:firebase-common:20.3.0] AndroidManifest.xml:28:13-43
213            android:exported="false"
213-->[com.google.firebase:firebase-common:20.3.0] AndroidManifest.xml:29:13-37
214            android:initOrder="100" />
214-->[com.google.firebase:firebase-common:20.3.0] AndroidManifest.xml:30:13-36
215
216        <activity
216-->[com.google.android.gms:play-services-auth:20.3.0] AndroidManifest.xml:23:9-27:75
217            android:name="com.google.android.gms.auth.api.signin.internal.SignInHubActivity"
217-->[com.google.android.gms:play-services-auth:20.3.0] AndroidManifest.xml:24:13-93
218            android:excludeFromRecents="true"
218-->[com.google.android.gms:play-services-auth:20.3.0] AndroidManifest.xml:25:13-46
219            android:exported="false"
219-->[com.google.android.gms:play-services-auth:20.3.0] AndroidManifest.xml:26:13-37
220            android:theme="@android:style/Theme.Translucent.NoTitleBar" />
220-->[com.google.android.gms:play-services-auth:20.3.0] AndroidManifest.xml:27:13-72
221        <!--
222            Service handling Google Sign-In user revocation. For apps that do not integrate with
223            Google Sign-In, this service will never be started.
224        -->
225        <service
225-->[com.google.android.gms:play-services-auth:20.3.0] AndroidManifest.xml:33:9-37:51
226            android:name="com.google.android.gms.auth.api.signin.RevocationBoundService"
226-->[com.google.android.gms:play-services-auth:20.3.0] AndroidManifest.xml:34:13-89
227            android:exported="true"
227-->[com.google.android.gms:play-services-auth:20.3.0] AndroidManifest.xml:35:13-36
228            android:permission="com.google.android.gms.auth.api.signin.permission.REVOCATION_NOTIFICATION"
228-->[com.google.android.gms:play-services-auth:20.3.0] AndroidManifest.xml:36:13-107
229            android:visibleToInstantApps="true" />
229-->[com.google.android.gms:play-services-auth:20.3.0] AndroidManifest.xml:37:13-48
230
231        <activity
231-->[com.google.android.gms:play-services-base:18.0.1] AndroidManifest.xml:20:9-22:45
232            android:name="com.google.android.gms.common.api.GoogleApiActivity"
232-->[com.google.android.gms:play-services-base:18.0.1] AndroidManifest.xml:20:19-85
233            android:exported="false"
233-->[com.google.android.gms:play-services-base:18.0.1] AndroidManifest.xml:22:19-43
234            android:theme="@android:style/Theme.Translucent.NoTitleBar" />
234-->[com.google.android.gms:play-services-base:18.0.1] AndroidManifest.xml:21:19-78
235
236        <meta-data
236-->[com.google.android.gms:play-services-basement:18.1.0] AndroidManifest.xml:21:9-23:69
237            android:name="com.google.android.gms.version"
237-->[com.google.android.gms:play-services-basement:18.1.0] AndroidManifest.xml:22:13-58
238            android:value="@integer/google_play_services_version" />
238-->[com.google.android.gms:play-services-basement:18.1.0] AndroidManifest.xml:23:13-66
239
240        <provider
240-->[androidx.emoji2:emoji2:1.0.0] AndroidManifest.xml:26:9-34:20
241            android:name="androidx.startup.InitializationProvider"
241-->[androidx.emoji2:emoji2:1.0.0] AndroidManifest.xml:27:13-67
242            android:authorities="com.demo.androidx-startup"
242-->[androidx.emoji2:emoji2:1.0.0] AndroidManifest.xml:28:13-68
243            android:exported="false" >
243-->[androidx.emoji2:emoji2:1.0.0] AndroidManifest.xml:29:13-37
244            <meta-data
244-->[androidx.emoji2:emoji2:1.0.0] AndroidManifest.xml:31:13-33:52
245                android:name="androidx.emoji2.text.EmojiCompatInitializer"
245-->[androidx.emoji2:emoji2:1.0.0] AndroidManifest.xml:32:17-75
246                android:value="androidx.startup" />
246-->[androidx.emoji2:emoji2:1.0.0] AndroidManifest.xml:33:17-49
247            <meta-data
247-->[androidx.lifecycle:lifecycle-process:2.4.0] AndroidManifest.xml:31:13-33:52
248                android:name="androidx.lifecycle.ProcessLifecycleInitializer"
248-->[androidx.lifecycle:lifecycle-process:2.4.0] AndroidManifest.xml:32:17-78
249                android:value="androidx.startup" />
249-->[androidx.lifecycle:lifecycle-process:2.4.0] AndroidManifest.xml:33:17-49
250        </provider>
251    </application>
252
253</manifest>